#
# There is insufficient memory for the Java Runtime Environment to continue.
# Native memory allocation (mmap) failed to map 134217728 bytes for G1 virtual space
# Possible reasons:
#   The system is out of physical RAM or swap space
#   The process is running with CompressedOops enabled, and the Java Heap may be blocking the growth of the native heap
# Possible solutions:
#   Reduce memory load on the system
#   Increase physical memory or swap space
#   Check if swap backing store is full
#   Decrease Java heap size (-Xmx/-Xms)
#   Decrease number of Java threads
#   Decrease Java thread stack sizes (-Xss)
#   Set larger code cache with -XX:ReservedCodeCacheSize=
#   JVM is running with Unscaled Compressed Oops mode in which the Java heap is
#     placed in the first 4GB address space. The Java Heap base address is the
#     maximum limit for the native heap growth. Please use -XX:HeapBaseMinAddress
#     to set the Java Heap base and to place the Java Heap above 4GB virtual address.
# This output file may be truncated or incomplete.
#
#  Out of Memory Error (os_windows.cpp:3548), pid=14584, tid=7848
#
# JRE version:  (17.0.11+7) (build )
# Java VM: Java HotSpot(TM) 64-Bit Server VM (17.0.11+7-LTS-207, mixed mode, sharing, tiered, compressed oops, compressed class ptrs, g1 gc, windows-amd64)
# No core dump will be written. Minidumps are not enabled by default on client versions of Windows
#

---------------  S U M M A R Y ------------

Command Line: -ea -Dfile.encoding=UTF-8 -Dstdout.encoding=UTF-8 -Dstderr.encoding=UTF-8 -XX:+ShowCodeDetailsInExceptionMessages org.eclipse.jdt.internal.junit.runner.RemoteTestRunner -version 3 -port 50694 -testLoaderClass org.eclipse.jdt.internal.junit5.runner.JUnit5TestLoader -loaderpluginname org.eclipse.jdt.junit5.runtime -classNames simulator.model.interCityRoadTest

Host: Intel(R) Core(TM) i5-8250U CPU @ 1.60GHz, 8 cores, 7G,  Windows 11 , 64 bit Build 22621 (10.0.22621.4974)
Time: Thu Feb 27 12:45:11 2025 Romance Standard Time elapsed time: 0.045987 seconds (0d 0h 0m 0s)

---------------  T H R E A D  ---------------

Current thread (0x000001d62033e8e0):  JavaThread "Unknown thread" [_thread_in_vm, id=7848, stack(0x000000cd26f00000,0x000000cd27000000)]

Stack: [0x000000cd26f00000,0x000000cd27000000]
Native frames: (J=compiled Java code, j=interpreted, Vv=VM code, C=native code)
V  [jvm.dll+0x679cca]
V  [jvm.dll+0x7da13d]
V  [jvm.dll+0x7dba83]
V  [jvm.dll+0x7dc0f3]
V  [jvm.dll+0x2449af]
V  [jvm.dll+0x676ce9]
V  [jvm.dll+0x66b852]
V  [jvm.dll+0x3018d6]
V  [jvm.dll+0x308e76]
V  [jvm.dll+0x3596ee]
V  [jvm.dll+0x35991f]
V  [jvm.dll+0x2d89a8]
V  [jvm.dll+0x2d9914]
V  [jvm.dll+0x7ac6b1]
V  [jvm.dll+0x366f61]
V  [jvm.dll+0x78b609]
V  [jvm.dll+0x3ec22f]
V  [jvm.dll+0x3ede61]
C  [jli.dll+0x5297]
C  [ucrtbase.dll+0x29333]
C  [KERNEL32.DLL+0x1259d]
C  [ntdll.dll+0x5af38]


---------------  P R O C E S S  ---------------

Threads class SMR info:
_java_thread_list=0x00007ff8fd507a18, length=0, elements={
}

Java Threads: ( => current thread )

Other Threads:
  0x000001d6224e3620 GCTaskThread "GC Thread#0" [stack: 0x000000cd27000000,0x000000cd27100000] [id=15064]
  0x000001d6224f4850 ConcurrentGCThread "G1 Main Marker" [stack: 0x000000cd27100000,0x000000cd27200000] [id=9240]
  0x000001d6224f5160 ConcurrentGCThread "G1 Conc#0" [stack: 0x000000cd27200000,0x000000cd27300000] [id=11524]

[error occurred during error reporting (printing all threads), id 0xc0000005, EXCEPTION_ACCESS_VIOLATION (0xc0000005) at pc=0x00007ff8fcd39497]

VM state: not at safepoint (not fully initialized)

VM Mutex/Monitor currently owned by a thread:  ([mutex/lock_event])
[0x000001d62033a6c0] Heap_lock - owner thread: 0x000001d62033e8e0

Heap address: 0x0000000081e00000, size: 2018 MB, Compressed Oops mode: 32-bit

CDS archive(s) mapped at: [0x0000000000000000-0x0000000000000000-0x0000000000000000), size 0, SharedBaseAddress: 0x0000000800000000, ArchiveRelocationMode: 1.
Narrow klass base: 0x0000000000000000, Narrow klass shift: 0, Narrow klass range: 0x0

GC Precious Log:
<Empty>

Heap:
 garbage-first heap   total 0K, used 0K [0x0000000081e00000, 0x0000000100000000)
  region size 1024K, 0 young (0K), 0 survivors (0K)

[error occurred during error reporting (printing heap information), id 0xc0000005, EXCEPTION_ACCESS_VIOLATION (0xc0000005) at pc=0x00007ff8fd123559]

GC Heap History (0 events):
No events

Deoptimization events (0 events):
No events

Classes unloaded (0 events):
No events

Classes redefined (0 events):
No events

Internal exceptions (0 events):
No events

VM Operations (0 events):
No events

Events (1 events):
Event: 0.029 Loaded shared library C:\Program Files\Java\jdk-17\bin\java.dll


Dynamic libraries:
0x00007ff7abf30000 - 0x00007ff7abf40000 	C:\Program Files\Java\jdk-17\bin\javaw.exe
0x00007ff996350000 - 0x00007ff996567000 	C:\WINDOWS\SYSTEM32\ntdll.dll
0x00007ff994020000 - 0x00007ff9940e4000 	C:\WINDOWS\System32\KERNEL32.DLL
0x00007ff9936b0000 - 0x00007ff993a81000 	C:\WINDOWS\System32\KERNELBASE.dll
0x00007ff993ca0000 - 0x00007ff993db1000 	C:\WINDOWS\System32\ucrtbase.dll
0x00007ff98ea20000 - 0x00007ff98ea3b000 	C:\Program Files\Java\jdk-17\bin\VCRUNTIME140.dll
0x00007ff982560000 - 0x00007ff982579000 	C:\Program Files\Java\jdk-17\bin\jli.dll
0x00007ff9947a0000 - 0x00007ff994851000 	C:\WINDOWS\System32\ADVAPI32.dll
0x00007ff995400000 - 0x00007ff9954a7000 	C:\WINDOWS\System32\msvcrt.dll
0x00007ff995d70000 - 0x00007ff995e17000 	C:\WINDOWS\System32\sechost.dll
0x00007ff9934c0000 - 0x00007ff9934e8000 	C:\WINDOWS\System32\bcrypt.dll
0x00007ff995740000 - 0x00007ff995854000 	C:\WINDOWS\System32\RPCRT4.dll
0x00007ff9945c0000 - 0x00007ff994771000 	C:\WINDOWS\System32\USER32.dll
0x00007ff993490000 - 0x00007ff9934b6000 	C:\WINDOWS\System32\win32u.dll
0x00007ff97b720000 - 0x00007ff97b9b2000 	C:\WINDOWS\WinSxS\amd64_microsoft.windows.common-controls_6595b64144ccf1df_6.0.22621.4830_none_270fe7d773858e80\COMCTL32.dll
0x00007ff9948e0000 - 0x00007ff994909000 	C:\WINDOWS\System32\GDI32.dll
0x00007ff993f00000 - 0x00007ff99401b000 	C:\WINDOWS\System32\gdi32full.dll
0x00007ff993c00000 - 0x00007ff993c9a000 	C:\WINDOWS\System32\msvcp_win.dll
0x00007ff98a3d0000 - 0x00007ff98a3da000 	C:\WINDOWS\SYSTEM32\VERSION.dll
0x00007ff994260000 - 0x00007ff994291000 	C:\WINDOWS\System32\IMM32.DLL
0x00007ff98e780000 - 0x00007ff98e78c000 	C:\Program Files\Java\jdk-17\bin\vcruntime140_1.dll
0x00007ff95ff20000 - 0x00007ff95ffae000 	C:\Program Files\Java\jdk-17\bin\msvcp140.dll
0x00007ff8fca50000 - 0x00007ff8fd630000 	C:\Program Files\Java\jdk-17\bin\server\jvm.dll
0x00007ff995c80000 - 0x00007ff995c88000 	C:\WINDOWS\System32\PSAPI.DLL
0x00007ff98de10000 - 0x00007ff98de44000 	C:\WINDOWS\SYSTEM32\WINMM.dll
0x00007ff980650000 - 0x00007ff980659000 	C:\WINDOWS\SYSTEM32\WSOCK32.dll
0x00007ff995c90000 - 0x00007ff995d01000 	C:\WINDOWS\System32\ws2_32.DLL
0x00007ff992590000 - 0x00007ff9925a8000 	C:\WINDOWS\SYSTEM32\kernel.appcore.dll
0x00007ff98dec0000 - 0x00007ff98deca000 	C:\Program Files\Java\jdk-17\bin\jimage.dll
0x00007ff990770000 - 0x00007ff9909a2000 	C:\WINDOWS\SYSTEM32\DBGHELP.DLL
0x00007ff9958e0000 - 0x00007ff995c70000 	C:\WINDOWS\System32\combase.dll
0x00007ff9940f0000 - 0x00007ff9941c7000 	C:\WINDOWS\System32\OLEAUT32.dll
0x00007ff97ee70000 - 0x00007ff97eea2000 	C:\WINDOWS\SYSTEM32\dbgcore.DLL
0x00007ff9934f0000 - 0x00007ff99356b000 	C:\WINDOWS\System32\bcryptPrimitives.dll
0x00007ff981b10000 - 0x00007ff981b35000 	C:\Program Files\Java\jdk-17\bin\java.dll

dbghelp: loaded successfully - version: 4.0.5 - missing functions: none
symbol engine: initialized successfully - sym options: 0x614 - pdb path: .;C:\Program Files\Java\jdk-17\bin;C:\WINDOWS\SYSTEM32;C:\WINDOWS\WinSxS\amd64_microsoft.windows.common-controls_6595b64144ccf1df_6.0.22621.4830_none_270fe7d773858e80;C:\Program Files\Java\jdk-17\bin\server

VM Arguments:
jvm_args: -ea -Dfile.encoding=UTF-8 -Dstdout.encoding=UTF-8 -Dstderr.encoding=UTF-8 -XX:+ShowCodeDetailsInExceptionMessages 
java_command: org.eclipse.jdt.internal.junit.runner.RemoteTestRunner -version 3 -port 50694 -testLoaderClass org.eclipse.jdt.internal.junit5.runner.JUnit5TestLoader -loaderpluginname org.eclipse.jdt.junit5.runtime -classNames simulator.model.interCityRoadTest
java_class_path (initial): C:\Users\msi\git\repository\assignment1\bin;C:\Users\msi\git\repository\assignment1\lib\commons-cli-1.4.jar;C:\Users\msi\git\repository\assignment1\lib\json.jar;C:\Users\msi\.p2\pool\plugins\junit-jupiter-api_5.10.0.jar;C:\Users\msi\.p2\pool\plugins\junit-jupiter-engine_5.10.0.jar;C:\Users\msi\.p2\pool\plugins\junit-jupiter-migrationsupport_5.10.0.jar;C:\Users\msi\.p2\pool\plugins\junit-jupiter-params_5.10.0.jar;C:\Users\msi\.p2\pool\plugins\junit-platform-commons_1.10.0.jar;C:\Users\msi\.p2\pool\plugins\junit-platform-engine_1.10.0.jar;C:\Users\msi\.p2\pool\plugins\junit-platform-launcher_1.10.0.jar;C:\Users\msi\.p2\pool\plugins\junit-platform-runner_1.10.0.jar;C:\Users\msi\.p2\pool\plugins\junit-platform-suite-api_1.10.0.jar;C:\Users\msi\.p2\pool\plugins\junit-platform-suite-engine_1.10.0.jar;C:\Users\msi\.p2\pool\plugins\junit-platform-suite-commons_1.10.0.jar;C:\Users\msi\.p2\pool\plugins\junit-vintage-engine_5.10.0.jar;C:\Users\msi\.p2\pool\plugins\org.opentest4j_1.3.0.jar;C:\Users\msi\.p2\pool\plugins\org.apiguardian.api_1.1.2.jar;C:\Users\msi\.p2\pool\plugins\org.junit_4.13.2.v20230809-1000.jar;C:\Users\msi\.p2\pool\plugins\org.hamcrest.core_2.2.0.v20230809-1000.jar;C:\Users\msi\eclipse\java-2023-092\eclipse\configuration\org.eclipse.osgi\251\0\.cp;C:\Users\msi\eclipse\java-2023-092\eclipse\configuration\org.eclipse.osgi\249\0\.cp
Launcher Type: SUN_STANDARD

[Global flags]
     intx CICompilerCount                          = 4                                         {product} {ergonomic}
     uint ConcGCThreads                            = 2                                         {product} {ergonomic}
     uint G1ConcRefinementThreads                  = 8                                         {product} {ergonomic}
   size_t G1HeapRegionSize                         = 1048576                                   {product} {ergonomic}
    uintx GCDrainStackTargetSize                   = 64                                        {product} {ergonomic}
   size_t InitialHeapSize                          = 134217728                                 {product} {ergonomic}
   size_t MarkStackSize                            = 4194304                                   {product} {ergonomic}
   size_t MaxHeapSize                              = 2116026368                                {product} {ergonomic}
   size_t MinHeapDeltaBytes                        = 1048576                                   {product} {ergonomic}
   size_t MinHeapSize                              = 8388608                                   {product} {ergonomic}
    uintx NonNMethodCodeHeapSize                   = 5839372                                {pd product} {ergonomic}
    uintx NonProfiledCodeHeapSize                  = 122909434                              {pd product} {ergonomic}
    uintx ProfiledCodeHeapSize                     = 122909434                              {pd product} {ergonomic}
    uintx ReservedCodeCacheSize                    = 251658240                              {pd product} {ergonomic}
     bool SegmentedCodeCache                       = true                                      {product} {ergonomic}
     bool ShowCodeDetailsInExceptionMessages       = true                                   {manageable} {command line}
   size_t SoftMaxHeapSize                          = 2116026368                             {manageable} {ergonomic}
     bool UseCompressedClassPointers               = true                           {product lp64_product} {ergonomic}
     bool UseCompressedOops                        = true                           {product lp64_product} {ergonomic}
     bool UseG1GC                                  = true                                      {product} {ergonomic}
     bool UseLargePagesIndividualAllocation        = false                                  {pd product} {ergonomic}

Logging:
Log output configuration:
 #0: stdout all=warning uptime,level,tags
 #1: stderr all=off uptime,level,tags

Environment Variables:
JAVA_HOME=C:\Program Files\Java\jdk-17;C:\Program Files\Java\jdk-17\bin
PATH=C:\Python312\Scripts\;C:\Python312\;C:\Program Files (x86)\VMware\VMware Workstation\bin\;C:\Program Files (x86)\Common Files\Oracle\Java\javapath;C:\Program Files\Common Files\Oracle\Java\javapath;C:\WINDOWS\system32;C:\WINDOWS;C:\WINDOWS\System32\Wbem;C:\WINDOWS\System32\WindowsPowerShell\v1.0\;C:\WINDOWS\System32\OpenSSH\;C:\MinGW\bin;C:\Program Files\CodeBlocks\MinGW\bin;C:\Program Files\Java\jdk-17\bin;C:\ProgramData\chocolatey\bin;C:\Program Files\Git\cmd;C:\Program Files\nodejs\;C:\Program Files\dotnet\;C:\Program Files (x86)\Windows Kits\10\Windows Performance Toolkit\;C:\Users\msi\AppData\Local\Programs\Python\Python311\Scripts\;C:\Users\msi\AppData\Local\Programs\Python\Python311\;C:\Users\msi\AppData\Local\Microsoft\WindowsApps;C:\Users\msi\AppData\Local\Programs\Microsoft VS Code\bin;C:\Program Files\JetBrains\PyCharm Community Edition 2023.2.1\bin;;C:\Users\msi\AppData\Roaming\npm;C:\Users\msi\Downloads\ffmpeg-2024-11-28-git-bc991ca048-essentials_build;C:\Program Files\MongoDB\Server\8.0\bin;C:\Users\msi\.dotnet\tools;C:\Z3\z3-4.13.4-x64-win\bin;C:\EclipseRV\eclipse\SysGCC\bin;
USERNAME=msi
OS=Windows_NT
PROCESSOR_IDENTIFIER=Intel64 Family 6 Model 142 Stepping 10, GenuineIntel



---------------  S Y S T E M  ---------------

OS:
 Windows 11 , 64 bit Build 22621 (10.0.22621.4974)
OS uptime: 0 days 0:31 hours
Hyper-V role detected

CPU: total 8 (initial active 8) (4 cores per cpu, 2 threads per core) family 6 model 142 stepping 10 microcode 0xe0, cx8, cmov, fxsr, ht, mmx, 3dnowpref, sse, sse2, sse3, ssse3, sse4.1, sse4.2, popcnt, lzcnt, tsc, tscinvbit, avx, avx2, aes, erms, clmul, bmi1, bmi2, adx, fma, vzeroupper, clflush, clflushopt, hv

Memory: 4k page, system-wide physical 8067M (473M free)
TotalPageFile size 9337M (AvailPageFile size 117M)
current process WorkingSet (physical memory assigned to process): 11M, peak: 11M
current process commit charge ("private bytes"): 60M, peak: 188M

vm_info: Java HotSpot(TM) 64-Bit Server VM (17.0.11+7-LTS-207) for windows-amd64 JRE (17.0.11+7-LTS-207), built on Mar 11 2024 19:01:50 by "mach5one" with MS VC++ 17.6 (VS2022)

END.
